<?xml version="1.0" encoding="UTF-8"?>
<testng-results skipped="0" failed="0" total="2" passed="2">
  <reporter-output>
  </reporter-output>
  <suite name="Default suite" duration-ms="30" started-at="2020-07-19T03:32:52Z" finished-at="2020-07-19T03:32:52Z">
    <groups>
    </groups>
    <test name="Default test" duration-ms="30" started-at="2020-07-19T03:32:52Z" finished-at="2020-07-19T03:32:52Z">
      <class name="herojuapp.Instructions">
        <test-method status="PASS" signature="Instructionsdata()[pri:0, instance:herojuapp.Instructions@13f17eb4]" name="Instructionsdata" duration-ms="17" started-at="2020-07-19T03:32:52Z" finished-at="2020-07-19T03:32:52Z">
        </test-method> <!-- Instructionsdata -->
        <test-method status="PASS" signature="statusCodeInstructions()[pri:0, instance:herojuapp.Instructions@13f17eb4]" name="statusCodeInstructions" duration-ms="2" started-at="2020-07-19T03:32:52Z" finished-at="2020-07-19T03:32:52Z">
        </test-method> <!-- statusCodeInstructions -->
      </class> <!-- herojuapp.Instructions -->
    </test> <!-- Default test -->
  </suite> <!-- Default suite -->
</testng-results>
