<?xml version="1.0" encoding="UTF-8"?>
<testng-results skipped="0" failed="0" total="2" passed="2">
  <reporter-output>
  </reporter-output>
  <suite name="Default suite" duration-ms="29" started-at="2020-07-19T22:08:44Z" finished-at="2020-07-19T22:08:45Z">
    <groups>
    </groups>
    <test name="Default test" duration-ms="29" started-at="2020-07-19T22:08:44Z" finished-at="2020-07-19T22:08:45Z">
      <class name="herokuapp.Userid1_Code200">
        <test-method status="PASS" signature="statusCodeuserid1()[pri:0, instance:herokuapp.Userid1_Code200@13f17eb4]" name="statusCodeuserid1" duration-ms="8" started-at="2020-07-19T22:08:45Z" finished-at="2020-07-19T22:08:45Z">
        </test-method> <!-- statusCodeuserid1 -->
        <test-method status="PASS" signature="userid1data()[pri:0, instance:herokuapp.Userid1_Code200@13f17eb4]" name="userid1data" duration-ms="11" started-at="2020-07-19T22:08:45Z" finished-at="2020-07-19T22:08:45Z">
        </test-method> <!-- userid1data -->
      </class> <!-- herokuapp.Userid1_Code200 -->
    </test> <!-- Default test -->
  </suite> <!-- Default suite -->
</testng-results>
